app/proguard.cfg
#Use 5 step of optimization 
#-optimizationpasses 5

#When not preverifing in a case-insensitive filing system, such as Windows. This tool will unpack your processed jars,(if using windows you should then use):
-dontusemixedcaseclassnames

#Specifies not to ignore non-public library classes. As of version 4.5, this is the default setting
-dontskipnonpubliclibraryclasses

# Optimization is turned off by default. Dex does not like code run
# through the ProGuard optimize and preverify steps (and performs some
# of these optimizations on its own).    
-dontoptimize
-dontpreverify

-dontwarn android.support.**

#Specifies to write out some more information during processing. If the program terminates with an exception, this option will print out the entire stack trace, instead of just the exception message.
-verbose

#The -optimizations option disables some arithmetic simplifications that Dalvik 1.0 and 1.5 can't handle. Note that the Dalvik VM also can't handle aggressive overloading (of static fields).
#To understand or change this check http://proguard.sourceforge.net/index.html#/manual/optimizations.html
#-optimizations !code/simplification/arithmetic,!field/*,!class/merging/*

# Note that if you want to enable optimization, you cannot just
# include optimization flags in your own project configuration file;
# instead you will need to point to the
# "proguard-android-optimize.txt" file instead of this one from your
# project.properties file.

#To repackage classes on a single package
#-repackageclasses ''

#Uncomment if using annotations to keep them.
#-keepattributes *Annotation*

#Keep classes that are referenced on the AndroidManifest
-keep public class * extends android.app.Activity
-keep public class * extends android.app.Application
-keep public class * extends android.app.Service
-keep public class * extends android.content.BroadcastReceiver
-keep public class * extends android.content.ContentProvider
-keep public class * extends android.app.backup.BackupAgentHelper
-keep public class * extends android.preference.Preference
-keep public class com.google.vending.licensing.ILicensingService
-keep public class com.android.vending.licensing.ILicensingService
#Compatibility library 
-keep public class * extends android.support.v4.app.Fragment
-keep public class * extends android.app.Fragment

#To maintain custom components names that are used on layouts XML.
#Uncomment if having any problem with the approach below
#-keep public class custom.components.package.and.name.**

# keep setters in Views so that animations can still work.
# see http://proguard.sourceforge.net/manual/examples.html#beans
 -keepclassmembers public class * extends android.view.View {
  void set*(***);
  *** get*();
}

#To remove debug logs:
-assumenosideeffects class android.util.Log {
    public static *** d(...);
    public static *** v(...);
    public static *** w(...);
}

#To avoid changing names of methods invoked on layout's onClick.
# Uncomment and add specific method names if using onClick on layouts
#-keepclassmembers class * {
# public void onClickButton(android.view.View);
#}

#Maintain java native methods 
-keepclasseswithmembernames class * {
    native <methods>;
}


#To maintain custom components names that are used on layouts XML:
-keep public class * extends android.view.View {
    public <init>(android.content.Context);
    public <init>(android.content.Context, android.util.AttributeSet);
    public <init>(android.content.Context, android.util.AttributeSet, int);
    public void set*(...);
}

-keepclasseswithmembers class * {
    public <init>(android.content.Context, android.util.AttributeSet);
}

-keepclasseswithmembers class * {
    public <init>(android.content.Context, android.util.AttributeSet, int);
}

#Maintain enums
-keepclassmembers enum * {
    public static **[] values();
    public static ** valueOf(java.lang.String);
}

#To keep parcelable classes (to serialize - deserialize objects to sent through Intents)
-keep class * implements android.os.Parcelable {
  public static final android.os.Parcelable$Creator *;
}

#Keep the R
-keepclassmembers class **.R$* {
    public static <fields>;
}

###### ADDITIONAL OPTIONS NOT USED NORMALLY

#To keep callback calls. Uncomment if using any
#http://proguard.sourceforge.net/index.html#/manual/examples.html#callback
#-keep class mypackage.MyCallbackClass {
#   void myCallbackMethod(java.lang.String);
#}

#Uncomment if using Serializable 
-keepclassmembers class * implements java.io.Serializable {
    private static final java.io.ObjectStreamField[] serialPersistentFields;
    private void writeObject(java.io.ObjectOutputStream);
    private void readObject(java.io.ObjectInputStream);
    java.lang.Object writeReplace();
    java.lang.Object readResolve();
}
#


-keep class * extends java.lang.annotation.Annotation { *; }
# GoogleGson 
-keep class com.badlogic.** { *; }
-keep class * implements com.badlogic.gdx.utils.Json*
-keep class com.google.** { *; }

# xutils 代码不加混淆
-keep class com.lidroid.xutils.** { *; }
-keep class com.dkhs.portfolio.ui.widget.kline.** { *; }
#-keep class com.dkhs.portfolio.ui.widget.chart.** { *; }

# 第三方登陆/分享 代码不加混淆
-keep class cn.sharesdk.onekeyshare** { *; }
-keep class m.framework.**{*;}
-keep class cn.sharesdk.**{*;}
-keep class com.sina.**{*;}
-keep class **.R$* {*;}
-keep class **.R{*;}
-dontwarn cn.sharesdk.**
-dontwarn **.R$*

#-libraryjars libs/ShareSDK-Core-2.5.2.jar
#-libraryjars libs/ShareSDK-QQ-2.5.2.jar
#-libraryjars libs/ShareSDK-QZone-2.5.2.jar
#-libraryjars libs/ShareSDK-SinaWeibo-2.5.2.jar
#-libraryjars libs/ShareSDK-Wechat-2.5.2.jar
#-libraryjars libs/ShareSDK-Wechat-Core-2.5.2.jar
#-libraryjars libs/ShareSDK-Wechat-Favorite-2.5.2.jar
#-libraryjars libs/ShareSDK-Wechat-Moments-2.5.2.jar
#-libraryjars libs/umeng-analytics-v5.2.4.jar
#-libraryjars libs/mframework.jar
#-libraryjars libs/commons-codec.jar


-keep class com.dkhs.portfolio.bean.** { *; }


#注释otto
-keepclassmembers class ** {
    @com.squareup.otto.Subscribe public *;
    @com.squareup.otto.Produce public *;
}



#添加融云代码混淆
#-libraryjars libs/Rong_IMKit_v1_4_4.jar
-keep class io.rong.imkit.** {*;}
-keep class io.rong.imlib.** {*;}
-keep class com.dkhs.portfolio.ui.messagecenter.** {*;}

-keepattributes Signature
-keepattributes *Annotation*
-keepclassmembers class * extends de.greenrobot.dao.AbstractDao {
    public static java.lang.String TABLENAME;
}
-keep class **$Properties
-dontwarn  org.eclipse.jdt.annotation.**
-keepclassmembers class **.R$* {
public static <fields>;
}
-keepattributes Exceptions,InnerClasses
-keep class io.rong.** {*;}
-keep public class com.dkhs.portfolio.R**{*;}
-keep class *.R$ { *; }



 # Parceler configuration
 -keep interface org.parceler.Parcel
 -keep @org.parceler.Parcel class * { *; }
 -keep class **$$Parcelable { *; }
 -keep class org.parceler.Parceler$$Parcels
 -keep class org.parceler.** {*;}
 -keep class org.parceler.NonParcelRepository$ListParcelable
 -dontwarn org.parceler.**
 -dontwarn javax_.lang.model.util.**

#保留混淆mapping文件
 -printmapping mapping.txt