app/mapping.txt
com.dkhs.portfolio.R -> com.dkhs.portfolio.R:
com.dkhs.portfolio.R$anim -> com.dkhs.portfolio.R$anim:
    int abc_fade_in -> abc_fade_in
    int abc_fade_out -> abc_fade_out
    int abc_grow_fade_in_from_bottom -> abc_grow_fade_in_from_bottom
    int abc_popup_enter -> abc_popup_enter
    int abc_popup_exit -> abc_popup_exit
    int abc_shrink_fade_out_from_bottom -> abc_shrink_fade_out_from_bottom
    int abc_slide_in_bottom -> abc_slide_in_bottom
    int abc_slide_in_top -> abc_slide_in_top
    int abc_slide_out_bottom -> abc_slide_out_bottom
    int abc_slide_out_top -> abc_slide_out_top
    int activity_in_from_bottom -> activity_in_from_bottom
    int activity_in_from_left -> activity_in_from_left
    int activity_in_from_right -> activity_in_from_right
    int activity_out_to_left -> activity_out_to_left
    int activity_out_to_right -> activity_out_to_right
    int imofan_round_progress_bar_1 -> imofan_round_progress_bar_1
    int menu_in -> menu_in
    int menu_out -> menu_out
    int push_bottom_in -> push_bottom_in
    int push_bottom_out -> push_bottom_out
    int rotate_around_center_point -> rotate_around_center_point
    int slide_in_right -> slide_in_right
    int slide_out_left -> slide_out_left
com.dkhs.portfolio.R$array -> com.dkhs.portfolio.R$array:
    int combination_order -> combination_order
    int create_type -> create_type
    int detail_news_titles -> detail_news_titles
    int emoji_code -> emoji_code
    int emoji_res -> emoji_res
    int flow_pack_btn_text -> flow_pack_btn_text
    int flow_pack_lv_icon -> flow_pack_lv_icon
    int flow_pack_lvtitle -> flow_pack_lvtitle
    int flow_pack_lvtitle_tip -> flow_pack_lvtitle_tip
    int fund_detail_more -> fund_detail_more
    int fund_profile_title -> fund_profile_title
    int fund_sort_keys -> fund_sort_keys
    int fund_sort_values -> fund_sort_values
    int fund_stype_values -> fund_stype_values
    int fund_tab_titles -> fund_tab_titles
    int fund_type_chis -> fund_type_chis
    int fund_type_keys -> fund_type_keys
    int img_eidt_list -> img_eidt_list
    int long_click_type -> long_click_type
    int main_info_title -> main_info_title
    int order_type -> order_type
    int query_compare_type -> query_compare_type
    int quotes_title -> quotes_title
    int refer_funds -> refer_funds
    int select_optional_stock -> select_optional_stock
    int select_stock -> select_stock
    int stock_quote_info_title -> stock_quote_info_title
    int trend_title -> trend_title
    int yanbao_items -> yanbao_items
com.dkhs.portfolio.R$attr -> com.dkhs.portfolio.R$attr:
    int PagerIndicatorStyle -> PagerIndicatorStyle
    int SliderStyle -> SliderStyle
    int SwipeBackLayoutStyle -> SwipeBackLayoutStyle
    int actionBarDivider -> actionBarDivider
    int actionBarItemBackground -> actionBarItemBackground
    int actionBarPopupTheme -> actionBarPopupTheme
    int actionBarSize -> actionBarSize
    int actionBarSplitStyle -> actionBarSplitStyle
    int actionBarStyle -> actionBarStyle
    int actionBarTabBarStyle -> actionBarTabBarStyle
    int actionBarTabStyle -> actionBarTabStyle
    int actionBarTabTextStyle -> actionBarTabTextStyle
    int actionBarTheme -> actionBarTheme
    int actionBarWidgetTheme -> actionBarWidgetTheme
    int actionButtonStyle -> actionButtonStyle
    int actionDropDownStyle -> actionDropDownStyle
    int actionLayout -> actionLayout
    int actionMenuTextAppearance -> actionMenuTextAppearance
    int actionMenuTextColor -> actionMenuTextColor
    int actionModeBackground -> actionModeBackground
    int actionModeCloseButtonStyle -> actionModeCloseButtonStyle
    int actionModeCloseDrawable -> actionModeCloseDrawable
    int actionModeCopyDrawable -> actionModeCopyDrawable
    int actionModeCutDrawable -> actionModeCutDrawable
    int actionModeFindDrawable -> actionModeFindDrawable
    int actionModePasteDrawable -> actionModePasteDrawable
    int actionModePopupWindowStyle -> actionModePopupWindowStyle
...
de.keyboardsurfer.android.widget.crouton.Crouton -> de.a.a.a.a.b:
    java.lang.CharSequence text -> a
    de.keyboardsurfer.android.widget.crouton.Style style -> b
    de.keyboardsurfer.android.widget.crouton.Configuration configuration -> c
    android.view.View customView -> d
    android.view.View$OnClickListener onClickListener -> e
    android.app.Activity activity -> f
    android.view.ViewGroup viewGroup -> g
    android.widget.FrameLayout croutonView -> h
    android.view.animation.Animation inAnimation -> i
    android.view.animation.Animation outAnimation -> j
    de.keyboardsurfer.android.widget.crouton.LifecycleCallback lifecycleCallback -> k
    de.keyboardsurfer.android.widget.crouton.Crouton make(android.app.Activity,android.view.View,int,de.keyboardsurfer.android.widget.crouton.Configuration) -> a
    void cancelAllCroutons() -> a
    void show() -> b
    android.view.animation.Animation getInAnimation() -> c
    android.view.animation.Animation getOutAnimation() -> d
    java.lang.String toString() -> toString
    boolean isShowing() -> e
    boolean isCroutonViewNotNull() -> p
    boolean isCustomViewNotNull() -> q
    void detachActivity() -> f
    void detachViewGroup() -> g
    void detachLifecycleCallback() -> h
    de.keyboardsurfer.android.widget.crouton.LifecycleCallback getLifecycleCallback() -> i
    de.keyboardsurfer.android.widget.crouton.Style getStyle() -> j
    de.keyboardsurfer.android.widget.crouton.Configuration getConfiguration() -> k
de.keyboardsurfer.android.widget.crouton.DefaultAnimationsBuilder -> de.a.a.a.a.c:
    android.view.animation.Animation slideInDownAnimation -> a
    android.view.animation.Animation slideOutUpAnimation -> b
    int lastInAnimationHeight -> c
    int lastOutAnimationHeight -> d
    android.view.animation.Animation buildDefaultSlideInDownAnimation(android.view.View) -> a
    android.view.animation.Animation buildDefaultSlideOutUpAnimation(android.view.View) -> b
    boolean areLastMeasuredInAnimationHeightAndCurrentEqual(android.view.View) -> c
    boolean areLastMeasuredOutAnimationHeightAndCurrentEqual(android.view.View) -> d
    boolean areLastMeasuredAnimationHeightAndCurrentEqual(int,android.view.View) -> a
    void setLastInAnimationHeight(int) -> a
    void setLastOutAnimationHeight(int) -> b
de.keyboardsurfer.android.widget.crouton.LifecycleCallback -> de.a.a.a.a.d:
    void onDisplayed() -> a
    void onRemoved() -> b
de.keyboardsurfer.android.widget.crouton.Manager -> de.a.a.a.a.e:
    de.keyboardsurfer.android.widget.crouton.Manager INSTANCE -> a
    java.util.Queue croutonQueue -> b
    de.keyboardsurfer.android.widget.crouton.Manager getInstance() -> a
    void add(de.keyboardsurfer.android.widget.crouton.Crouton) -> a
    void displayCrouton() -> c
    long calculateCroutonDuration(de.keyboardsurfer.android.widget.crouton.Crouton) -> c
    void sendMessage(de.keyboardsurfer.android.widget.crouton.Crouton,int) -> a
    void sendMessageDelayed(de.keyboardsurfer.android.widget.crouton.Crouton,int,long) -> a
    void handleMessage(android.os.Message) -> handleMessage
    void addCroutonToView(de.keyboardsurfer.android.widget.crouton.Crouton) -> d
    boolean shouldAddViewWithoutPosition(android.view.ViewGroup) -> a
    void handleTranslucentActionBar(android.view.ViewGroup$MarginLayoutParams,android.app.Activity) -> a
    void handleActionBarOverlay(android.view.ViewGroup$MarginLayoutParams,android.app.Activity) -> b
    void setActionBarMargin(android.view.ViewGroup$MarginLayoutParams,android.app.Activity) -> c
    void removeCrouton(de.keyboardsurfer.android.widget.crouton.Crouton) -> b
    void clearCroutonQueue() -> b
    void removeCroutonFromViewParent(de.keyboardsurfer.android.widget.crouton.Crouton) -> e
    void removeAllMessages() -> d
    void announceForAccessibilityCompat(android.content.Context,java.lang.CharSequence) -> a
    java.lang.String toString() -> toString